<?xml version="1.0" encoding="UTF-8"?>
<coverage generated="1703518417838" clover="3.2.0">
  <project timestamp="1703518417838" name="All files">
    <metrics statements="21" coveredstatements="20" conditionals="0" coveredconditionals="0" methods="9" coveredmethods="9" elements="30" coveredelements="29" complexity="0" loc="21" ncloc="21" packages="1" files="4" classes="4"/>
    <file name="app.js" path="C:\Users\dobul\Desktop\async-await\src\js\app.js">
      <metrics statements="6" coveredstatements="5" conditionals="0" coveredconditionals="0" methods="1" coveredmethods="1"/>
      <line num="7" count="1" type="stmt"/>
      <line num="8" count="1" type="stmt"/>
      <line num="9" count="1" type="stmt"/>
      <line num="10" count="1" type="stmt"/>
      <line num="11" count="1" type="stmt"/>
      <line num="13" count="0" type="stmt"/>
    </file>
    <file name="gameSaving.js" path="C:\Users\dobul\Desktop\async-await\src\js\gameSaving.js">
      <metrics statements="3" coveredstatements="3" conditionals="0" coveredconditionals="0" methods="1" coveredmethods="1"/>
      <line num="3" count="1" type="stmt"/>
      <line num="4" count="1" type="stmt"/>
      <line num="5" count="1" type="stmt"/>
    </file>
    <file name="parser.js" path="C:\Users\dobul\Desktop\async-await\src\js\parser.js">
      <metrics statements="3" coveredstatements="3" conditionals="0" coveredconditionals="0" methods="3" coveredmethods="3"/>
      <line num="2" count="1" type="stmt"/>
      <line num="4" count="1" type="stmt"/>
      <line num="5" count="1" type="stmt"/>
    </file>
    <file name="reader.js" path="C:\Users\dobul\Desktop\async-await\src\js\reader.js">
      <metrics statements="9" coveredstatements="9" conditionals="0" coveredconditionals="0" methods="4" coveredmethods="4"/>
      <line num="2" count="1" type="stmt"/>
      <line num="4" count="1" type="stmt"/>
      <line num="5" count="1" type="stmt"/>
      <line num="6" count="1" type="stmt"/>
      <line num="7" count="1" type="stmt"/>
      <line num="8" count="1" type="stmt"/>
      <line num="9" count="1" type="stmt"/>
      <line num="10" count="90" type="stmt"/>
      <line num="12" count="1" type="stmt"/>
    </file>
  </project>
</coverage>
